d:\program files (x86)\directx\directx12_engine\directx12_engine\x64\debug\vc141.pdb
d:\program files (x86)\directx\directx12_engine\directx12_engine\x64\debug\vc141.idb
d:\program files (x86)\directx\directx12_engine\directx12_engine\x64\debug\winmain.obj
d:\program files (x86)\directx\directx12_engine\directx12_engine\x64\debug\win32app.obj
d:\program files (x86)\directx\directx12_engine\directx12_engine\x64\debug\vertex.obj
d:\program files (x86)\directx\directx12_engine\directx12_engine\x64\debug\engine.obj
d:\program files (x86)\directx\directx12_engine\directx12_engine\x64\debug\ddstextureloader.obj
d:\program files (x86)\directx\directx12_engine\directx12_engine\x64\debug\d3dapp.obj
d:\program files (x86)\directx\directx12_engine\directx12_engine\x64\debug\entitycomponentsystem.obj
d:\program files (x86)\directx\directx12_engine\directx12_engine\x64\debug\vertexbuffer.obj
d:\program files (x86)\directx\directx12_engine\directx12_engine\x64\debug\submeshgeometry.obj
d:\program files (x86)\directx\directx12_engine\directx12_engine\x64\debug\indexbuffer.obj
d:\program files (x86)\directx\directx12_engine\directx12_engine\x64\debug\d3dcommon.obj
d:\program files (x86)\directx\directx12_engine\directx12_engine\x64\debug\geometrygenerator.obj
d:\program files (x86)\directx\directx12_engine\directx12_engine\x64\debug\transform.obj
d:\program files (x86)\directx\directx12_engine\directx12_engine\x64\debug\d3dmain.obj
d:\program files (x86)\directx\directx12_engine\directx12_engine\x64\debug\meshgeometry.obj
d:\program files (x86)\directx\directx12_engine\x64\debug\directx12_engine.exe
d:\program files (x86)\directx\directx12_engine\x64\debug\directx12_engine.ilk
d:\program files (x86)\directx\directx12_engine\x64\debug\directx12_engine.pdb
d:\program files (x86)\directx\directx12_engine\directx12_engine\x64\debug\directx12_engine.tlog\cl.command.1.tlog
d:\program files (x86)\directx\directx12_engine\directx12_engine\x64\debug\directx12_engine.tlog\cl.read.1.tlog
d:\program files (x86)\directx\directx12_engine\directx12_engine\x64\debug\directx12_engine.tlog\cl.write.1.tlog
d:\program files (x86)\directx\directx12_engine\directx12_engine\x64\debug\directx12_engine.tlog\link.command.1.tlog
d:\program files (x86)\directx\directx12_engine\directx12_engine\x64\debug\directx12_engine.tlog\link.read.1.tlog
d:\program files (x86)\directx\directx12_engine\directx12_engine\x64\debug\directx12_engine.tlog\link.write.1.tlog
